<?xml version="1.0" encoding="UTF-8"?>
<!-- Generated by org.testng.reporters.JUnitReportReporter -->
<testsuite hostname="DESKTOP-UG1BOT1" name="com.rally.automation.tests.RallyBus_TC01_CreateOwnRide" tests="3" failures="0" timestamp="31 May 2019 07:16:16 GMT" time="60.864" errors="0">
  <testcase name="TestStep02_SelectRoute" time="28.248" classname="com.rally.automation.tests.RallyBus_TC01_CreateOwnRide"/>
  <testcase name="TestStep03_TripTiming" time="29.436" classname="com.rally.automation.tests.RallyBus_TC01_CreateOwnRide"/>
  <testcase name="TestStep01_CreateSearchRide" time="3.180" classname="com.rally.automation.tests.RallyBus_TC01_CreateOwnRide"/>
</testsuite> <!-- com.rally.automation.tests.RallyBus_TC01_CreateOwnRide -->
