<?xml version="1.0" encoding="UTF-8"?>
<!-- Generated by org.testng.reporters.JUnitReportReporter -->
<testsuite hostname="IN-CSFMVT2" name="com.rally.automation.report.ResultsIT" tests="1" failures="0" timestamp="26 Apr 2019 11:32:30 GMT" time="27.341" errors="0">
  <testcase name="sendResultsMail" time="27.341" classname="com.rally.automation.report.ResultsIT"/>
</testsuite> <!-- com.rally.automation.report.ResultsIT -->
